2022-10-03T04:45:47+00:00 DEBUG 
====Midtrans Plugin Version: 2.32.1====
====Start Log Mon, 03 Oct 2022 04:45:47 +0000====
Array
(
    [transaction_details] => Array
        (
            [order_id] => 23
            [gross_amount] => 1100000000
        )

    [customer_details] => Array
        (
            [first_name] => guest
            [last_name] => infomedia
            [email] => saas_infonusa@gmail.com
            [phone] => 123345
            [billing_address] => Array
                (
                    [first_name] => guest
                    [last_name] => infomedia
                    [address] => Jakarta
                    [city] => jakarta
                    [postal_code] => 1234
                    [phone] => 123345
                    [country_code] => IDN
                )

            [shipping_address] => Array
                (
                    [first_name] => guest
                    [last_name] => infomedia
                    [address] => Jakarta
                    [city] => jakarta
                    [postal_code] => 1234
                    [phone] => 123345
                    [country_code] => IDN
                )

        )

    [item_details] => Array
        (
            [0] => Array
                (
                    [id] => 13
                    [price] => 1000000000
                    [quantity] => 1
                    [name] => Infomedia OmniX
                )

            [1] => Array
                (
                    [id] => taxfee
                    [price] => 100000000
                    [quantity] => 1
                    [name] => Tax
                )

        )

    [credit_card] => Array
        (
            [secure] => 1
        )

    [metadata] => Array
        (
            [x_midtrans_wc_plu] => Array
                (
                    [version] => 2.32.1
                    [wc] => 6.9.4
                    [php] => 7.4.21
                )

        )

)

====End Log Mon, 03 Oct 2022 04:45:47 +0000 (0)====


2022-10-03T04:55:16+00:00 DEBUG 
====Midtrans Plugin Version: 2.32.1====
====Start Log Mon, 03 Oct 2022 04:55:16 +0000====
Array
(
    [transaction_details] => Array
        (
            [order_id] => 24
            [gross_amount] => 1100000000
        )

    [customer_details] => Array
        (
            [first_name] => guest
            [last_name] => infomedia
            [email] => saas_infonusa@gmail.com
            [phone] => 123345
            [billing_address] => Array
                (
                    [first_name] => guest
                    [last_name] => infomedia
                    [address] => Jakarta
                    [city] => jakarta
                    [postal_code] => 1234
                    [phone] => 123345
                    [country_code] => IDN
                )

            [shipping_address] => Array
                (
                    [first_name] => guest
                    [last_name] => infomedia
                    [address] => Jakarta
                    [city] => jakarta
                    [postal_code] => 1234
                    [phone] => 123345
                    [country_code] => IDN
                )

        )

    [item_details] => Array
        (
            [0] => Array
                (
                    [id] => 13
                    [price] => 1000000000
                    [quantity] => 1
                    [name] => Infomedia OmniX
                )

            [1] => Array
                (
                    [id] => taxfee
                    [price] => 100000000
                    [quantity] => 1
                    [name] => Tax
                )

        )

    [credit_card] => Array
        (
            [secure] => 1
        )

    [metadata] => Array
        (
            [x_midtrans_wc_plu] => Array
                (
                    [version] => 2.32.1
                    [wc] => 6.9.4
                    [php] => 7.4.21
                )

        )

)

====End Log Mon, 03 Oct 2022 04:55:16 +0000 (0)====


2022-10-03T04:58:03+00:00 DEBUG 
====Midtrans Plugin Version: 2.32.1====
====Start Log Mon, 03 Oct 2022 04:58:03 +0000====
Array
(
    [transaction_details] => Array
        (
            [order_id] => 25
            [gross_amount] => 1100000000
        )

    [customer_details] => Array
        (
            [first_name] => guest
            [last_name] => infomedia
            [email] => saas_infonusa@gmail.com
            [phone] => 123345
            [billing_address] => Array
                (
                    [first_name] => guest
                    [last_name] => infomedia
                    [address] => Jakarta
                    [city] => jakarta
                    [postal_code] => 1234
                    [phone] => 123345
                    [country_code] => IDN
                )

            [shipping_address] => Array
                (
                    [first_name] => guest
                    [last_name] => infomedia
                    [address] => Jakarta
                    [city] => jakarta
                    [postal_code] => 1234
                    [phone] => 123345
                    [country_code] => IDN
                )

        )

    [item_details] => Array
        (
            [0] => Array
                (
                    [id] => 13
                    [price] => 1000000000
                    [quantity] => 1
                    [name] => Infomedia OmniX
                )

            [1] => Array
                (
                    [id] => taxfee
                    [price] => 100000000
                    [quantity] => 1
                    [name] => Tax
                )

        )

    [credit_card] => Array
        (
            [secure] => 1
        )

    [metadata] => Array
        (
            [x_midtrans_wc_plu] => Array
                (
                    [version] => 2.32.1
                    [wc] => 6.9.4
                    [php] => 7.4.21
                )

        )

)

====End Log Mon, 03 Oct 2022 04:58:03 +0000 (0)====


2022-10-03T09:17:29+00:00 DEBUG 
====Midtrans Plugin Version: 2.32.1====
====Start Log Mon, 03 Oct 2022 09:17:29 +0000====
Array
(
    [transaction_details] => Array
        (
            [order_id] => 53
            [gross_amount] => 1100000000
        )

    [customer_details] => Array
        (
            [first_name] => Katya
            [last_name] => Krisana
            [email] => katyakrisana@gmail.com
            [phone] => 123345
            [billing_address] => Array
                (
                    [first_name] => Katya
                    [last_name] => Krisana
                    [address] => Jakarta
                    [city] => jakarta
                    [postal_code] => 1234
                    [phone] => 123345
                    [country_code] => IDN
                )

            [shipping_address] => Array
                (
                    [first_name] => Katya
                    [last_name] => Krisana
                    [address] => Jakarta
                    [city] => jakarta
                    [postal_code] => 1234
                    [phone] => 123345
                    [country_code] => IDN
                )

        )

    [item_details] => Array
        (
            [0] => Array
                (
                    [id] => 13
                    [price] => 1000000000
                    [quantity] => 1
                    [name] => Infomedia OmniX
                )

            [1] => Array
                (
                    [id] => taxfee
                    [price] => 100000000
                    [quantity] => 1
                    [name] => Tax
                )

        )

    [credit_card] => Array
        (
            [secure] => 1
        )

    [metadata] => Array
        (
            [x_midtrans_wc_plu] => Array
                (
                    [version] => 2.32.1
                    [wc] => 6.9.4
                    [php] => 7.4.21
                )

        )

)

====End Log Mon, 03 Oct 2022 09:17:29 +0000 (0)====


2022-10-03T09:25:27+00:00 DEBUG 
====Midtrans Plugin Version: 2.32.1====
====Start Log Mon, 03 Oct 2022 09:25:27 +0000====
Array
(
    [transaction_details] => Array
        (
            [order_id] => 53
            [gross_amount] => 1100000000
        )

    [customer_details] => Array
        (
            [first_name] => Katya
            [last_name] => Krisana
            [email] => katyakrisana@gmail.com
            [phone] => 123345
            [billing_address] => Array
                (
                    [first_name] => Katya
                    [last_name] => Krisana
                    [address] => Jakarta
                    [city] => jakarta
                    [postal_code] => 1234
                    [phone] => 123345
                    [country_code] => IDN
                )

            [shipping_address] => Array
                (
                    [first_name] => Katya
                    [last_name] => Krisana
                    [address] => Jakarta
                    [city] => jakarta
                    [postal_code] => 1234
                    [phone] => 123345
                    [country_code] => IDN
                )

        )

    [item_details] => Array
        (
            [0] => Array
                (
                    [id] => 13
                    [price] => 1000000000
                    [quantity] => 1
                    [name] => Infomedia OmniX
                )

            [1] => Array
                (
                    [id] => taxfee
                    [price] => 100000000
                    [quantity] => 1
                    [name] => Tax
                )

        )

    [credit_card] => Array
        (
            [secure] => 1
        )

    [metadata] => Array
        (
            [x_midtrans_wc_plu] => Array
                (
                    [version] => 2.32.1
                    [wc] => 6.9.4
                    [php] => 7.4.21
                )

        )

)

====End Log Mon, 03 Oct 2022 09:25:27 +0000 (0)====


2022-10-03T09:25:28+00:00 DEBUG 
====Midtrans Plugin Version: 2.32.1====
====Start Log Mon, 03 Oct 2022 09:25:28 +0000====
Midtrans Error (400): {"error_messages":["transaction_details.order_id sudah digunakan"]} | Request url: https://app.sandbox.midtrans.com/snap/v1/transactions - Attempt to auto retry with suffixed order_id
====End Log Mon, 03 Oct 2022 09:25:28 +0000 (0)====


2022-10-03T09:25:28+00:00 DEBUG 
====Midtrans Plugin Version: 2.32.1====
====Start Log Mon, 03 Oct 2022 09:25:28 +0000====
Array
(
    [transaction_details] => Array
        (
            [order_id] => 53-wc-mdtrs-1664789128
            [gross_amount] => 1100000000
        )

    [customer_details] => Array
        (
            [first_name] => Katya
            [last_name] => Krisana
            [email] => katyakrisana@gmail.com
            [phone] => 123345
            [billing_address] => Array
                (
                    [first_name] => Katya
                    [last_name] => Krisana
                    [address] => Jakarta
                    [city] => jakarta
                    [postal_code] => 1234
                    [phone] => 123345
                    [country_code] => IDN
                )

            [shipping_address] => Array
                (
                    [first_name] => Katya
                    [last_name] => Krisana
                    [address] => Jakarta
                    [city] => jakarta
                    [postal_code] => 1234
                    [phone] => 123345
                    [country_code] => IDN
                )

        )

    [item_details] => Array
        (
            [0] => Array
                (
                    [id] => 13
                    [price] => 1000000000
                    [quantity] => 1
                    [name] => Infomedia OmniX
                )

            [1] => Array
                (
                    [id] => taxfee
                    [price] => 100000000
                    [quantity] => 1
                    [name] => Tax
                )

        )

    [credit_card] => Array
        (
            [secure] => 1
        )

    [metadata] => Array
        (
            [x_midtrans_wc_plu] => Array
                (
                    [version] => 2.32.1
                    [wc] => 6.9.4
                    [php] => 7.4.21
                )

        )

)

====End Log Mon, 03 Oct 2022 09:25:28 +0000 (0)====


2022-10-03T09:34:06+00:00 DEBUG 
====Midtrans Plugin Version: 2.32.1====
====Start Log Mon, 03 Oct 2022 09:34:06 +0000====
Array
(
    [transaction_details] => Array
        (
            [order_id] => 54
            [gross_amount] => 165000000
        )

    [customer_details] => Array
        (
            [first_name] => Katya
            [last_name] => Krisana
            [email] => katyakrisana@gmail.com
            [phone] => 123345
            [billing_address] => Array
                (
                    [first_name] => Katya
                    [last_name] => Krisana
                    [address] => Jakarta
                    [city] => jakarta
                    [postal_code] => 1234
                    [phone] => 123345
                    [country_code] => IDN
                )

            [shipping_address] => Array
                (
                    [first_name] => Katya
                    [last_name] => Krisana
                    [address] => Jakarta
                    [city] => jakarta
                    [postal_code] => 1234
                    [phone] => 123345
                    [country_code] => IDN
                )

        )

    [item_details] => Array
        (
            [0] => Array
                (
                    [id] => 15
                    [price] => 150000000
                    [quantity] => 1
                    [name] => Infomedia Mimin
                )

            [1] => Array
                (
                    [id] => taxfee
                    [price] => 15000000
                    [quantity] => 1
                    [name] => Tax
                )

        )

    [credit_card] => Array
        (
            [secure] => 1
        )

    [metadata] => Array
        (
            [x_midtrans_wc_plu] => Array
                (
                    [version] => 2.32.1
                    [wc] => 6.9.4
                    [php] => 7.4.21
                )

        )

)

====End Log Mon, 03 Oct 2022 09:34:06 +0000 (0)====


2022-10-03T14:54:11+00:00 DEBUG 
====Midtrans Plugin Version: 2.32.1====
====Start Log Mon, 03 Oct 2022 14:54:11 +0000====
Array
(
    [transaction_details] => Array
        (
            [order_id] => 57
            [gross_amount] => 165000000
        )

    [customer_details] => Array
        (
            [first_name] => Katya
            [last_name] => Krisana
            [email] => katyakrisana@gmail.com
            [phone] => 123345
            [billing_address] => Array
                (
                    [first_name] => Katya
                    [last_name] => Krisana
                    [address] => Jakarta
                    [city] => jakarta
                    [postal_code] => 1234
                    [phone] => 123345
                    [country_code] => IDN
                )

            [shipping_address] => Array
                (
                    [first_name] => Katya
                    [last_name] => Krisana
                    [address] => Jakarta
                    [city] => jakarta
                    [postal_code] => 1234
                    [phone] => 123345
                    [country_code] => IDN
                )

        )

    [item_details] => Array
        (
            [0] => Array
                (
                    [id] => 19
                    [price] => 150000000
                    [quantity] => 1
                    [name] => Humanvue
                )

            [1] => Array
                (
                    [id] => taxfee
                    [price] => 15000000
                    [quantity] => 1
                    [name] => Tax
                )

        )

    [credit_card] => Array
        (
            [secure] => 1
        )

    [metadata] => Array
        (
            [x_midtrans_wc_plu] => Array
                (
                    [version] => 2.32.1
                    [wc] => 6.9.4
                    [php] => 7.4.21
                )

        )

)

====End Log Mon, 03 Oct 2022 14:54:11 +0000 (0)====


